2023-10-14 19:14:27,359 [main] INFO  com.example.demo.StudentApplication - Starting StudentApplication using Java 11.0.14.1 on DELLEK-PC with PID 10228 (C:\Users\danie\Desktop\spring_example_crud\target\classes started by danie in C:\Users\danie\Desktop\spring_example_crud)
2023-10-14 19:14:27,359 [main] INFO  com.example.demo.StudentApplication - No active profile set, falling back to 1 default profile: "default"
2023-10-14 19:14:28,316 [main] INFO  o.s.d.r.c.RepositoryConfigurationDelegate - Bootstrapping Spring Data JPA repositories in DEFAULT mode.
2023-10-14 19:14:28,394 [main] INFO  o.s.d.r.c.RepositoryConfigurationDelegate - Finished Spring Data repository scanning in 57 ms. Found 1 JPA repository interfaces.
2023-10-14 19:14:29,404 [main] INFO  o.s.b.w.e.tomcat.TomcatWebServer - Tomcat initialized with port(s): 8080 (http)
2023-10-14 19:14:29,404 [main] INFO  o.a.c.core.AprLifecycleListener - An older version [1.2.14] of the Apache Tomcat Native library is installed, while Tomcat recommends a minimum version of [1.2.30]
2023-10-14 19:14:29,404 [main] INFO  o.a.c.core.AprLifecycleListener - Loaded Apache Tomcat Native library [1.2.14] using APR version [1.6.2].
2023-10-14 19:14:29,404 [main] INFO  o.a.c.core.AprLifecycleListener - APR capabilities: IPv6 [true], sendfile [true], accept filters [false], random [true], UDS [false].
2023-10-14 19:14:29,404 [main] INFO  o.a.c.core.AprLifecycleListener - APR/OpenSSL configuration: useAprConnector [false], useOpenSSL [true]
2023-10-14 19:14:30,450 [main] INFO  o.a.c.core.AprLifecycleListener - OpenSSL successfully initialized [OpenSSL 1.0.2l  25 May 2017]
2023-10-14 19:14:30,450 [main] INFO  o.a.coyote.http11.Http11NioProtocol - Initializing ProtocolHandler ["http-nio-8080"]
2023-10-14 19:14:30,450 [main] INFO  o.a.catalina.core.StandardService - Starting service [Tomcat]
2023-10-14 19:14:30,450 [main] INFO  o.a.catalina.core.StandardEngine - Starting Servlet engine: [Apache Tomcat/9.0.58]
2023-10-14 19:14:30,544 [main] INFO  o.a.c.c.C.[Tomcat].[localhost].[/] - Initializing Spring embedded WebApplicationContext
2023-10-14 19:14:30,544 [main] INFO  o.s.b.w.s.c.ServletWebServerApplicationContext - Root WebApplicationContext: initialization completed in 3138 ms
2023-10-14 19:14:30,720 [main] INFO  o.h.jpa.internal.util.LogHelper - HHH000204: Processing PersistenceUnitInfo [name: default]
2023-10-14 19:14:30,783 [main] INFO  org.hibernate.Version - HHH000412: Hibernate ORM core version 5.6.5.Final
2023-10-14 19:14:30,939 [main] INFO  o.h.annotations.common.Version - HCANN000001: Hibernate Commons Annotations {5.1.2.Final}
2023-10-14 19:14:31,048 [main] INFO  com.zaxxer.hikari.HikariDataSource - HikariPool-1 - Starting...
2023-10-14 19:14:31,241 [main] INFO  com.zaxxer.hikari.HikariDataSource - HikariPool-1 - Start completed.
2023-10-14 19:14:31,256 [main] INFO  org.hibernate.dialect.Dialect - HHH000400: Using dialect: org.hibernate.dialect.PostgreSQLDialect
2023-10-14 19:14:31,772 [main] WARN  o.h.e.jdbc.spi.SqlExceptionHelper - SQL Warning Code: 0, SQLState: 00000
2023-10-14 19:14:31,772 [main] WARN  o.h.e.jdbc.spi.SqlExceptionHelper - table "student" does not exist, skipping
2023-10-14 19:14:31,772 [main] WARN  o.h.e.jdbc.spi.SqlExceptionHelper - SQL Warning Code: 0, SQLState: 00000
2023-10-14 19:14:31,772 [main] WARN  o.h.e.jdbc.spi.SqlExceptionHelper - sequence "student_sequence" does not exist, skipping
2023-10-14 19:14:31,787 [main] INFO  o.h.e.t.j.p.i.JtaPlatformInitiator - HHH000490: Using JtaPlatform implementation: [org.hibernate.engine.transaction.jta.platform.internal.NoJtaPlatform]
2023-10-14 19:14:31,803 [main] INFO  o.s.o.j.LocalContainerEntityManagerFactoryBean - Initialized JPA EntityManagerFactory for persistence unit 'default'
2023-10-14 19:14:32,447 [main] WARN  o.s.b.a.o.j.JpaBaseConfiguration$JpaWebConfiguration - spring.jpa.open-in-view is enabled by default. Therefore, database queries may be performed during view rendering. Explicitly configure spring.jpa.open-in-view to disable this warning
2023-10-14 19:14:32,869 [main] INFO  o.a.coyote.http11.Http11NioProtocol - Starting ProtocolHandler ["http-nio-8080"]
2023-10-14 19:14:32,885 [main] INFO  o.s.b.w.e.tomcat.TomcatWebServer - Tomcat started on port(s): 8080 (http) with context path ''
2023-10-14 19:14:33,171 [main] INFO  com.example.demo.StudentApplication - Started StudentApplication in 6.303 seconds (JVM running for 6.922)
2023-10-14 19:14:44,434 [http-nio-8080-exec-3] INFO  o.a.c.c.C.[Tomcat].[localhost].[/] - Initializing Spring DispatcherServlet 'dispatcherServlet'
2023-10-14 19:14:44,435 [http-nio-8080-exec-3] INFO  o.s.web.servlet.DispatcherServlet - Initializing Servlet 'dispatcherServlet'
2023-10-14 19:14:44,436 [http-nio-8080-exec-3] INFO  o.s.web.servlet.DispatcherServlet - Completed initialization in 1 ms
2023-10-14 19:14:44,545 [http-nio-8080-exec-3] INFO  c.e.demo.student.StudentService - Student added: Student{id=null, name='Marcepaxxx', email='michaxlx', dob=2000-02-05, age=null}
2023-10-14 19:16:41,728 [SpringApplicationShutdownHook] INFO  o.s.o.j.LocalContainerEntityManagerFactoryBean - Closing JPA EntityManagerFactory for persistence unit 'default'
2023-10-14 19:16:41,728 [SpringApplicationShutdownHook] INFO  o.h.t.s.i.SchemaDropperImpl$DelayedDropActionImpl - HHH000477: Starting delayed evictData of schema as part of SessionFactory shut-down'
2023-10-14 19:16:41,759 [SpringApplicationShutdownHook] INFO  com.zaxxer.hikari.HikariDataSource - HikariPool-1 - Shutdown initiated...
2023-10-14 19:16:41,775 [SpringApplicationShutdownHook] INFO  com.zaxxer.hikari.HikariDataSource - HikariPool-1 - Shutdown completed.
2023-10-14 19:28:19,935 [main] ERROR o.s.boot.SpringApplication - Application run failed
java.lang.IllegalStateException: java.lang.IllegalStateException: Logback configuration error detected: 
ERROR in ch.qos.logback.core.joran.spi.Interpreter@27:91 - no applicable action for [triggeringPolicy], current ElementPath  is [[configuration][appender][triggeringPolicy]]
ERROR in ch.qos.logback.core.joran.spi.Interpreter@28:66 - no applicable action for [action], current ElementPath  is [[configuration][appender][action]]
ERROR in ch.qos.logback.core.joran.spi.Interpreter@29:26 - no applicable action for [filePattern], current ElementPath  is [[configuration][appender][action][filePattern]]
ERROR in ch.qos.logback.core.joran.spi.Interpreter@30:25 - no applicable action for [maxHistory], current ElementPath  is [[configuration][appender][action][maxHistory]]
ERROR in ch.qos.logback.core.FileAppender[DELETE] - 'File' option has the same value "logs/application.log" as that given for appender [FILE] defined earlier.
ERROR in ch.qos.logback.core.FileAppender[DELETE] - Collisions detected with FileAppender/RollingAppender instances defined earlier. Aborting.
ERROR in ch.qos.logback.core.FileAppender[DELETE] - For more information, please visit http://logback.qos.ch/codes.html#earlier_fa_collision
	at org.springframework.boot.context.logging.LoggingApplicationListener.initializeSystem(LoggingApplicationListener.java:328)
	at org.springframework.boot.context.logging.LoggingApplicationListener.initialize(LoggingApplicationListener.java:282)
	at org.springframework.boot.context.logging.LoggingApplicationListener.onApplicationEnvironmentPreparedEvent(LoggingApplicationListener.java:240)
	at org.springframework.boot.context.logging.LoggingApplicationListener.onApplicationEvent(LoggingApplicationListener.java:216)
	at org.springframework.context.event.SimpleApplicationEventMulticaster.doInvokeListener(SimpleApplicationEventMulticaster.java:176)
	at org.springframework.context.event.SimpleApplicationEventMulticaster.invokeListener(SimpleApplicationEventMulticaster.java:169)
	at org.springframework.context.event.SimpleApplicationEventMulticaster.multicastEvent(SimpleApplicationEventMulticaster.java:143)
	at org.springframework.context.event.SimpleApplicationEventMulticaster.multicastEvent(SimpleApplicationEventMulticaster.java:131)
	at org.springframework.boot.context.event.EventPublishingRunListener.environmentPrepared(EventPublishingRunListener.java:85)
	at org.springframework.boot.SpringApplicationRunListeners.lambda$environmentPrepared$2(SpringApplicationRunListeners.java:66)
	at java.base/java.util.ArrayList.forEach(ArrayList.java:1541)
	at org.springframework.boot.SpringApplicationRunListeners.doWithListeners(SpringApplicationRunListeners.java:120)
	at org.springframework.boot.SpringApplicationRunListeners.doWithListeners(SpringApplicationRunListeners.java:114)
	at org.springframework.boot.SpringApplicationRunListeners.environmentPrepared(SpringApplicationRunListeners.java:65)
	at org.springframework.boot.SpringApplication.prepareEnvironment(SpringApplication.java:339)
	at org.springframework.boot.SpringApplication.run(SpringApplication.java:297)
	at org.springframework.boot.SpringApplication.run(SpringApplication.java:1312)
	at org.springframework.boot.SpringApplication.run(SpringApplication.java:1301)
	at com.example.demo.StudentApplication.main(StudentApplication.java:10)
Caused by: java.lang.IllegalStateException: Logback configuration error detected: 
ERROR in ch.qos.logback.core.joran.spi.Interpreter@27:91 - no applicable action for [triggeringPolicy], current ElementPath  is [[configuration][appender][triggeringPolicy]]
ERROR in ch.qos.logback.core.joran.spi.Interpreter@28:66 - no applicable action for [action], current ElementPath  is [[configuration][appender][action]]
ERROR in ch.qos.logback.core.joran.spi.Interpreter@29:26 - no applicable action for [filePattern], current ElementPath  is [[configuration][appender][action][filePattern]]
ERROR in ch.qos.logback.core.joran.spi.Interpreter@30:25 - no applicable action for [maxHistory], current ElementPath  is [[configuration][appender][action][maxHistory]]
ERROR in ch.qos.logback.core.FileAppender[DELETE] - 'File' option has the same value "logs/application.log" as that given for appender [FILE] defined earlier.
ERROR in ch.qos.logback.core.FileAppender[DELETE] - Collisions detected with FileAppender/RollingAppender instances defined earlier. Aborting.
ERROR in ch.qos.logback.core.FileAppender[DELETE] - For more information, please visit http://logback.qos.ch/codes.html#earlier_fa_collision
	at org.springframework.boot.logging.logback.LogbackLoggingSystem.loadConfiguration(LogbackLoggingSystem.java:179)
	at org.springframework.boot.logging.logback.LogbackLoggingSystem.reinitialize(LogbackLoggingSystem.java:232)
	at org.springframework.boot.logging.AbstractLoggingSystem.initializeWithConventions(AbstractLoggingSystem.java:73)
	at org.springframework.boot.logging.AbstractLoggingSystem.initialize(AbstractLoggingSystem.java:60)
	at org.springframework.boot.logging.logback.LogbackLoggingSystem.initialize(LogbackLoggingSystem.java:132)
	at org.springframework.boot.context.logging.LoggingApplicationListener.initializeSystem(LoggingApplicationListener.java:313)
	... 18 common frames omitted
